Started GET "/" for ::1 at 2020-10-08 16:36:51 -0700
DEPRECATION WARNING: ActiveRecord::Base.raise_in_transactional_callbacks= is deprecated, has no effect and will be removed without replacement. (called from block (3 levels) in <class:Railtie> at /Users/carlosgarciajr/.rbenv/versions/2.5.1/lib/ruby/gems/2.5.0/gems/activerecord-5.0.7.2/lib/active_record/railtie.rb:113)
Processing by StaticPagesController#index as HTML
  Rendering static_pages/index.html.erb within layouts/application
  Rendered shared/_main_nav.html.erb (0.3ms)
  Rendered shared/_masthead.html.erb (0.2ms)
  Rendered shared/_sections_nav.html.erb (0.2ms)
  Rendered shared/_search_modal.html.erb (0.2ms)
  Rendered shared/_main_content.html.erb (0.2ms)
  Rendered static_pages/index.html.erb within layouts/application (15.2ms)
Completed 200 OK in 362ms (Views: 358.9ms | ActiveRecord: 0.0ms)


Started GET "/assets/application.self-5e5b219656abf8c4e83f7dfd5e5f4f415d8fe2348d16620303a4ed96d1b5a144.css?body=1" for ::1 at 2020-10-08 16:36:52 -0700
Started GET "/" for ::1 at 2020-10-08 16:36:53 -0700
Processing by StaticPagesController#index as HTML
  Rendering static_pages/index.html.erb within layouts/application
  Rendered shared/_main_nav.html.erb (0.2ms)
  Rendered shared/_masthead.html.erb (0.2ms)
  Rendered shared/_sections_nav.html.erb (0.2ms)
  Rendered shared/_search_modal.html.erb (0.2ms)
  Rendered shared/_main_content.html.erb (0.1ms)
  Rendered static_pages/index.html.erb within layouts/application (13.2ms)
Completed 200 OK in 29ms (Views: 26.9ms | ActiveRecord: 0.0ms)


Started GET "/" for ::1 at 2020-10-08 16:37:17 -0700
Processing by StaticPagesController#index as HTML
  Rendering static_pages/index.html.erb within layouts/application
  Rendered shared/_main_nav.html.erb (0.2ms)
  Rendered shared/_masthead.html.erb (0.2ms)
  Rendered shared/_sections_nav.html.erb (0.2ms)
  Rendered shared/_search_modal.html.erb (0.2ms)
  Rendered shared/_main_content.html.erb (0.2ms)
  Rendered static_pages/index.html.erb within layouts/application (14.6ms)
Completed 200 OK in 35ms (Views: 31.8ms | ActiveRecord: 0.0ms)


Started GET "/" for ::1 at 2020-10-08 16:37:20 -0700
Processing by StaticPagesController#index as HTML
  Rendering static_pages/index.html.erb within layouts/application
  Rendered shared/_main_nav.html.erb (0.2ms)
  Rendered shared/_masthead.html.erb (0.2ms)
  Rendered shared/_sections_nav.html.erb (0.2ms)
  Rendered shared/_search_modal.html.erb (0.2ms)
  Rendered shared/_main_content.html.erb (0.2ms)
  Rendered static_pages/index.html.erb within layouts/application (12.8ms)
Completed 200 OK in 30ms (Views: 27.7ms | ActiveRecord: 0.0ms)


Started GET "/" for ::1 at 2020-10-09 09:59:50 -0700
DEPRECATION WARNING: ActiveRecord::Base.raise_in_transactional_callbacks= is deprecated, has no effect and will be removed without replacement. (called from block (3 levels) in <class:Railtie> at /Users/carlosgarciajr/.rbenv/versions/2.5.1/lib/ruby/gems/2.5.0/gems/activerecord-5.0.7.2/lib/active_record/railtie.rb:113)
Processing by StaticPagesController#index as HTML
  Rendering static_pages/index.html.erb within layouts/application
  Rendered shared/_main_nav.html.erb (0.3ms)
  Rendered shared/_masthead.html.erb (0.2ms)
  Rendered shared/_sections_nav.html.erb (0.2ms)
  Rendered shared/_search_modal.html.erb (0.2ms)
  Rendered shared/_main_content.html.erb (0.2ms)
  Rendered static_pages/index.html.erb within layouts/application (15.4ms)
Completed 200 OK in 353ms (Views: 350.1ms | ActiveRecord: 0.0ms)


Started GET "/assets/application.self-7aae4f884d21c0f895d0e25909b4a3857ca3f7bdd4412baf28bf32a8b1f558b1.css?body=1" for ::1 at 2020-10-09 09:59:51 -0700
Started GET "/" for ::1 at 2020-10-09 10:00:16 -0700
Processing by StaticPagesController#index as HTML
  Rendering static_pages/index.html.erb within layouts/application
  Rendered shared/_main_nav.html.erb (0.2ms)
  Rendered shared/_masthead.html.erb (0.2ms)
  Rendered shared/_sections_nav.html.erb (0.1ms)
  Rendered shared/_search_modal.html.erb (0.2ms)
  Rendered shared/_main_content.html.erb (0.4ms)
  Rendered static_pages/index.html.erb within layouts/application (12.9ms)
Completed 200 OK in 34ms (Views: 30.5ms | ActiveRecord: 0.0ms)


Started GET "/assets/new_office.jpg" for ::1 at 2020-10-09 10:00:16 -0700
Started GET "/" for ::1 at 2020-10-09 10:03:51 -0700
Processing by StaticPagesController#index as HTML
  Rendering static_pages/index.html.erb within layouts/application
  Rendered shared/_main_nav.html.erb (0.2ms)
  Rendered shared/_masthead.html.erb (0.2ms)
  Rendered shared/_sections_nav.html.erb (0.3ms)
  Rendered shared/_search_modal.html.erb (0.2ms)
  Rendered shared/_main_content.html.erb (0.3ms)
  Rendered static_pages/index.html.erb within layouts/application (13.1ms)
Completed 200 OK in 109ms (Views: 104.9ms | ActiveRecord: 0.0ms)


Started GET "/assets/application.self-e229079662ba64eec2df88cc9898f07a6b5005419aa37c928d3d684a6d58d3e4.css?body=1" for ::1 at 2020-10-09 10:03:51 -0700
Started GET "/assets/new_office.jpg" for ::1 at 2020-10-09 10:03:51 -0700
Started GET "/" for ::1 at 2020-10-12 13:48:14 -0700
DEPRECATION WARNING: ActiveRecord::Base.raise_in_transactional_callbacks= is deprecated, has no effect and will be removed without replacement. (called from block (3 levels) in <class:Railtie> at /Users/carlosgarciajr/.rbenv/versions/2.5.1/lib/ruby/gems/2.5.0/gems/activerecord-5.0.7.2/lib/active_record/railtie.rb:113)
Processing by StaticPagesController#index as HTML
  Rendering static_pages/index.html.erb within layouts/application
  Rendered shared/_main_nav.html.erb (0.2ms)
  Rendered shared/_masthead.html.erb (0.1ms)
  Rendered shared/_sections_nav.html.erb (0.1ms)
  Rendered shared/_search_modal.html.erb (0.2ms)
  Rendered shared/_main_content.html.erb (0.3ms)
  Rendered static_pages/index.html.erb within layouts/application (14.5ms)
Completed 500 Internal Server Error in 194ms (ActiveRecord: 0.0ms)



Sass::SyntaxError - File to import not found or unreadable: base/grid.scss.
Load paths:
  /Users/carlosgarciajr/Documents/programming/app_academy_work/curriculum/html-css/projects/aa_times/skeleton/app/assets/images
  /Users/carlosgarciajr/Documents/programming/app_academy_work/curriculum/html-css/projects/aa_times/skeleton/app/assets/javascripts
  /Users/carlosgarciajr/Documents/programming/app_academy_work/curriculum/html-css/projects/aa_times/skeleton/app/assets/stylesheets
  /Users/carlosgarciajr/Documents/programming/app_academy_work/curriculum/html-css/projects/aa_times/skeleton/vendor/assets/javascripts
  /Users/carlosgarciajr/Documents/programming/app_academy_work/curriculum/html-css/projects/aa_times/skeleton/vendor/assets/stylesheets
  /Users/carlosgarciajr/.rbenv/versions/2.5.1/lib/ruby/gems/2.5.0/gems/jquery-rails-4.4.0/vendor/assets/javascripts
  /Users/carlosgarciajr/.rbenv/versions/2.5.1/lib/ruby/gems/2.5.0/gems/coffee-rails-4.2.2/lib/assets/javascripts
  /Users/carlosgarciajr/.rbenv/versions/2.5.1/lib/ruby/gems/2.5.0/gems/actioncable-5.0.7.2/lib/assets/compiled:
  app/views/layouts/application.html.erb:7:in `_app_views_layouts_application_html_erb___270333905406359367_70279989431840'

Started POST "/__better_errors/927a171e4587d656/variables" for ::1 at 2020-10-12 13:48:14 -0700
Started GET "/" for ::1 at 2020-10-12 13:48:41 -0700
Processing by StaticPagesController#index as HTML
  Rendering static_pages/index.html.erb within layouts/application
  Rendered shared/_main_nav.html.erb (0.2ms)
  Rendered shared/_masthead.html.erb (0.1ms)
  Rendered shared/_sections_nav.html.erb (0.3ms)
  Rendered shared/_search_modal.html.erb (0.3ms)
  Rendered shared/_main_content.html.erb (0.2ms)
  Rendered static_pages/index.html.erb within layouts/application (12.8ms)
Completed 200 OK in 110ms (Views: 107.4ms | ActiveRecord: 0.0ms)


Started GET "/assets/application.self-1237ad35a9ee79bd64030d4638d1fd80f6734c490eb538e0dd01d7af3c16bf40.css?body=1" for ::1 at 2020-10-12 13:48:41 -0700
Started GET "/" for ::1 at 2020-10-12 13:48:43 -0700
Processing by StaticPagesController#index as HTML
  Rendering static_pages/index.html.erb within layouts/application
  Rendered shared/_main_nav.html.erb (0.2ms)
  Rendered shared/_masthead.html.erb (0.2ms)
  Rendered shared/_sections_nav.html.erb (0.2ms)
  Rendered shared/_search_modal.html.erb (0.2ms)
  Rendered shared/_main_content.html.erb (0.2ms)
  Rendered static_pages/index.html.erb within layouts/application (13.1ms)
Completed 200 OK in 33ms (Views: 29.9ms | ActiveRecord: 0.0ms)


Started GET "/" for ::1 at 2020-10-12 13:55:52 -0700
DEPRECATION WARNING: ActiveRecord::Base.raise_in_transactional_callbacks= is deprecated, has no effect and will be removed without replacement. (called from block (3 levels) in <class:Railtie> at /Users/carlosgarciajr/.rbenv/versions/2.5.1/lib/ruby/gems/2.5.0/gems/activerecord-5.0.7.2/lib/active_record/railtie.rb:113)
Processing by StaticPagesController#index as HTML
  Rendering static_pages/index.html.erb within layouts/application
  Rendered shared/_main_nav.html.erb (0.2ms)
  Rendered shared/_masthead.html.erb (0.1ms)
  Rendered shared/_sections_nav.html.erb (0.3ms)
  Rendered shared/_search_modal.html.erb (0.2ms)
  Rendered shared/_main_content.html.erb (0.3ms)
  Rendered static_pages/index.html.erb within layouts/application (14.6ms)
Completed 200 OK in 257ms (Views: 254.8ms | ActiveRecord: 0.0ms)


Started GET "/assets/application.self-758afe40c177e32f890a8b8e23f11571b5d1785af915c0789bd6a19191afc6ab.css?body=1" for ::1 at 2020-10-12 13:55:52 -0700
Started GET "/assets/new_office.jpg" for ::1 at 2020-10-12 13:55:52 -0700
Started GET "/" for ::1 at 2020-10-12 13:56:32 -0700
Processing by StaticPagesController#index as HTML
  Rendering static_pages/index.html.erb within layouts/application
  Rendered shared/_main_nav.html.erb (0.1ms)
  Rendered shared/_masthead.html.erb (0.2ms)
  Rendered shared/_sections_nav.html.erb (0.1ms)
  Rendered shared/_search_modal.html.erb (0.3ms)
  Rendered shared/_main_content.html.erb (0.3ms)
  Rendered static_pages/index.html.erb within layouts/application (12.3ms)
Completed 200 OK in 75ms (Views: 72.8ms | ActiveRecord: 0.0ms)


Started GET "/assets/application.self-e229079662ba64eec2df88cc9898f07a6b5005419aa37c928d3d684a6d58d3e4.css?body=1" for ::1 at 2020-10-12 13:56:32 -0700
Started GET "/assets/new_office.jpg" for ::1 at 2020-10-12 13:56:32 -0700
Started GET "/" for ::1 at 2020-10-12 13:56:33 -0700
Processing by StaticPagesController#index as HTML
  Rendering static_pages/index.html.erb within layouts/application
  Rendered shared/_main_nav.html.erb (0.2ms)
  Rendered shared/_masthead.html.erb (0.2ms)
  Rendered shared/_sections_nav.html.erb (0.2ms)
  Rendered shared/_search_modal.html.erb (0.2ms)
  Rendered shared/_main_content.html.erb (0.2ms)
  Rendered static_pages/index.html.erb within layouts/application (12.9ms)
Completed 200 OK in 34ms (Views: 31.3ms | ActiveRecord: 0.0ms)


Started GET "/assets/new_office.jpg" for ::1 at 2020-10-12 13:56:33 -0700
Started GET "/" for ::1 at 2020-10-12 13:57:15 -0700
Processing by StaticPagesController#index as HTML
  Rendering static_pages/index.html.erb within layouts/application
  Rendered shared/_main_nav.html.erb (0.2ms)
  Rendered shared/_masthead.html.erb (0.2ms)
  Rendered shared/_sections_nav.html.erb (0.2ms)
  Rendered shared/_search_modal.html.erb (0.2ms)
  Rendered shared/_main_content.html.erb (0.3ms)
  Rendered static_pages/index.html.erb within layouts/application (12.6ms)
Completed 200 OK in 92ms (Views: 88.2ms | ActiveRecord: 0.0ms)


Started GET "/assets/application.self-7aae4f884d21c0f895d0e25909b4a3857ca3f7bdd4412baf28bf32a8b1f558b1.css?body=1" for ::1 at 2020-10-12 13:57:15 -0700
Started GET "/assets/new_office.jpg" for ::1 at 2020-10-12 13:57:15 -0700
Started GET "/" for ::1 at 2021-04-08 10:56:52 -0400
DEPRECATION WARNING: ActiveRecord::Base.raise_in_transactional_callbacks= is deprecated, has no effect and will be removed without replacement. (called from block (3 levels) in <class:Railtie> at /Users/jess/.rbenv/versions/2.5.1/lib/ruby/gems/2.5.0/gems/activerecord-5.0.7.2/lib/active_record/railtie.rb:113)
Processing by StaticPagesController#index as HTML
  Rendering static_pages/index.html.erb within layouts/application
  Rendered shared/_main_nav.html.erb (0.4ms)
  Rendered shared/_masthead.html.erb (0.4ms)
  Rendered shared/_sections_nav.html.erb (1.0ms)
  Rendered shared/_search_modal.html.erb (0.6ms)
  Rendered shared/_main_content.html.erb (0.4ms)
  Rendered static_pages/index.html.erb within layouts/application (52.5ms)
Completed 200 OK in 1704ms (Views: 1692.3ms | ActiveRecord: 0.0ms)


Started GET "/assets/application.self-de7427ff2babf16411daf9c96fb49c2ce400d8a3c8a67330886a9c07a9fb1460.css?body=1" for ::1 at 2021-04-08 10:56:55 -0400
Started GET "/assets/jquery.self-bd7ddd393353a8d2480a622e80342adf488fb6006d667e8b42e4c0073393abee.js?body=1" for ::1 at 2021-04-08 10:56:55 -0400
Started GET "/assets/jquery_ujs.self-784a997f6726036b1993eb2217c9cb558e1cbb801c6da88105588c56f13b466a.js?body=1" for ::1 at 2021-04-08 10:56:55 -0400
Started GET "/assets/components/modal.self-52188644dbb47def5ee35ae02e69eb567ca9b664472357a8a5789dd39032a265.js?body=1" for ::1 at 2021-04-08 10:56:55 -0400
Started GET "/assets/application.self-f571b9db02bf4ed04c38a6a29072ac382f7d4f47db1fab9817aeadb0d8665235.js?body=1" for ::1 at 2021-04-08 10:56:55 -0400
Started GET "/assets/components/sidebar.self-2a1277f850a6fa21e1a974ef5152f177ac05516477d5081d593bb137b3d6808b.js?body=1" for ::1 at 2021-04-08 10:56:55 -0400
Started GET "/" for ::1 at 2021-04-08 11:04:19 -0400
Processing by StaticPagesController#index as HTML
  Rendering static_pages/index.html.erb within layouts/application
  Rendered shared/_main_nav.html.erb (2.6ms)
  Rendered shared/_masthead.html.erb (0.4ms)
  Rendered shared/_sections_nav.html.erb (1.2ms)
  Rendered shared/_search_modal.html.erb (0.3ms)
  Rendered shared/_main_content.html.erb (0.4ms)
  Rendered static_pages/index.html.erb within layouts/application (56.9ms)
Completed 200 OK in 168ms (Views: 163.8ms | ActiveRecord: 0.0ms)


Started GET "/" for ::1 at 2021-04-08 11:11:13 -0400
Processing by StaticPagesController#index as HTML
  Rendering static_pages/index.html.erb within layouts/application
  Rendered shared/_main_nav.html.erb (0.5ms)
  Rendered shared/_masthead.html.erb (1.0ms)
  Rendered shared/_sections_nav.html.erb (0.6ms)
  Rendered shared/_search_modal.html.erb (0.5ms)
  Rendered shared/_main_content.html.erb (0.4ms)
  Rendered static_pages/index.html.erb within layouts/application (34.2ms)
Completed 500 Internal Server Error in 231ms (ActiveRecord: 0.0ms)



Sass::SyntaxError - Invalid CSS after "  font": expected ";", was ": 16px;":
  app/views/layouts/application.html.erb:7:in `_app_views_layouts_application_html_erb___72461064605400722_70092754346220'

Started POST "/__better_errors/3b2c0c9957d82cf3/variables" for ::1 at 2021-04-08 11:11:14 -0400
Started GET "/" for ::1 at 2021-04-08 11:13:42 -0400
Processing by StaticPagesController#index as HTML
  Rendering static_pages/index.html.erb within layouts/application
  Rendered shared/_main_nav.html.erb (0.3ms)
  Rendered shared/_masthead.html.erb (0.5ms)
  Rendered shared/_sections_nav.html.erb (1.1ms)
  Rendered shared/_search_modal.html.erb (0.6ms)
  Rendered shared/_main_content.html.erb (1.1ms)
  Rendered static_pages/index.html.erb within layouts/application (35.7ms)
Completed 500 Internal Server Error in 274ms (ActiveRecord: 0.0ms)



Sass::SyntaxError - Invalid CSS after "  vertical-align": expected ";", was ":":
  app/views/layouts/application.html.erb:7:in `_app_views_layouts_application_html_erb___72461064605400722_70092801027900'

Started POST "/__better_errors/3adf5932a9332dca/variables" for ::1 at 2021-04-08 11:13:42 -0400
Started GET "/" for ::1 at 2021-04-08 11:13:56 -0400
Processing by StaticPagesController#index as HTML
  Rendering static_pages/index.html.erb within layouts/application
  Rendered shared/_main_nav.html.erb (1.1ms)
  Rendered shared/_masthead.html.erb (1.5ms)
  Rendered shared/_sections_nav.html.erb (1.1ms)
  Rendered shared/_search_modal.html.erb (0.8ms)
  Rendered shared/_main_content.html.erb (0.6ms)
  Rendered static_pages/index.html.erb within layouts/application (39.7ms)
Completed 200 OK in 619ms (Views: 612.1ms | ActiveRecord: 0.0ms)


Started GET "/assets/application.self-ed7de7eb5416cf655da278a1b26c5e9251ccb1f34833b4f73a2c39ec6e598159.css?body=1" for ::1 at 2021-04-08 11:13:57 -0400
Started GET "/" for ::1 at 2021-04-08 11:24:48 -0400
Processing by StaticPagesController#index as HTML
  Rendering static_pages/index.html.erb within layouts/application
  Rendered shared/_main_nav.html.erb (0.5ms)
  Rendered shared/_masthead.html.erb (0.8ms)
  Rendered shared/_sections_nav.html.erb (0.6ms)
  Rendered shared/_search_modal.html.erb (0.4ms)
  Rendered shared/_main_content.html.erb (0.5ms)
  Rendered static_pages/index.html.erb within layouts/application (51.2ms)
Completed 200 OK in 535ms (Views: 523.7ms | ActiveRecord: 0.0ms)


Started GET "/assets/application.self-b306e971b777b12e1191d9a13c0e08a7596ff48f0f1684b4e59f115c19277289.css?body=1" for ::1 at 2021-04-08 11:24:49 -0400
Started GET "/" for ::1 at 2021-04-08 11:26:35 -0400
Processing by StaticPagesController#index as HTML
  Rendering static_pages/index.html.erb within layouts/application
  Rendered shared/_main_nav.html.erb (0.3ms)
  Rendered shared/_masthead.html.erb (0.4ms)
  Rendered shared/_sections_nav.html.erb (0.5ms)
  Rendered shared/_search_modal.html.erb (0.3ms)
  Rendered shared/_main_content.html.erb (0.3ms)
  Rendered static_pages/index.html.erb within layouts/application (54.2ms)
Completed 200 OK in 326ms (Views: 317.6ms | ActiveRecord: 0.0ms)


Started GET "/assets/application.self-f55b39043c63e9d6fe5af43b07383e1d7cd812af52f22bb8146879e596065d16.css?body=1" for ::1 at 2021-04-08 11:26:35 -0400
Started GET "/" for ::1 at 2021-04-08 11:26:51 -0400
Processing by StaticPagesController#index as HTML
  Rendering static_pages/index.html.erb within layouts/application
  Rendered shared/_main_nav.html.erb (0.4ms)
  Rendered shared/_masthead.html.erb (0.2ms)
  Rendered shared/_sections_nav.html.erb (3.0ms)
  Rendered shared/_search_modal.html.erb (10.5ms)
  Rendered shared/_main_content.html.erb (0.4ms)
  Rendered static_pages/index.html.erb within layouts/application (104.7ms)
Completed 200 OK in 894ms (Views: 890.5ms | ActiveRecord: 0.0ms)


Started GET "/assets/application.self-8c10f7e4e4555491eba932ec6a85d5d854dbea5e7e432736baf0ddff234ab630.css?body=1" for ::1 at 2021-04-08 11:26:52 -0400
Started GET "/" for ::1 at 2021-04-08 11:28:40 -0400
Processing by StaticPagesController#index as HTML
  Rendering static_pages/index.html.erb within layouts/application
  Rendered shared/_main_nav.html.erb (0.3ms)
  Rendered shared/_masthead.html.erb (0.4ms)
  Rendered shared/_sections_nav.html.erb (0.4ms)
  Rendered shared/_search_modal.html.erb (0.6ms)
  Rendered shared/_main_content.html.erb (0.4ms)
  Rendered static_pages/index.html.erb within layouts/application (40.8ms)
Completed 200 OK in 330ms (Views: 322.7ms | ActiveRecord: 0.0ms)


Started GET "/assets/application.self-0d3d6238da28ebbd5a49d94721832b22e2ba53bf35142a949479e75a0dede9d5.css?body=1" for ::1 at 2021-04-08 11:28:40 -0400
Started GET "/" for ::1 at 2021-04-08 11:30:52 -0400
Processing by StaticPagesController#index as HTML
  Rendering static_pages/index.html.erb within layouts/application
  Rendered shared/_main_nav.html.erb (0.5ms)
  Rendered shared/_masthead.html.erb (3.9ms)
  Rendered shared/_sections_nav.html.erb (5.0ms)
  Rendered shared/_search_modal.html.erb (0.3ms)
  Rendered shared/_main_content.html.erb (0.3ms)
  Rendered static_pages/index.html.erb within layouts/application (60.3ms)
Completed 200 OK in 353ms (Views: 345.3ms | ActiveRecord: 0.0ms)


Started GET "/assets/application.self-faaa1508160ec023c7da4263a72c6b0d86b5eedc4086b731e7ac1f07a7d52320.css?body=1" for ::1 at 2021-04-08 11:30:53 -0400
Started GET "/" for ::1 at 2021-04-08 11:30:59 -0400
Processing by StaticPagesController#index as HTML
  Rendering static_pages/index.html.erb within layouts/application
  Rendered shared/_main_nav.html.erb (0.7ms)
  Rendered shared/_masthead.html.erb (0.3ms)
  Rendered shared/_sections_nav.html.erb (0.3ms)
  Rendered shared/_search_modal.html.erb (0.5ms)
  Rendered shared/_main_content.html.erb (0.3ms)
  Rendered static_pages/index.html.erb within layouts/application (25.0ms)
Completed 200 OK in 73ms (Views: 70.1ms | ActiveRecord: 0.0ms)


Started GET "/" for ::1 at 2021-04-08 11:42:35 -0400
DEPRECATION WARNING: ActiveRecord::Base.raise_in_transactional_callbacks= is deprecated, has no effect and will be removed without replacement. (called from block (3 levels) in <class:Railtie> at /Users/michelleroos/.rbenv/versions/2.5.3/lib/ruby/gems/2.5.0/gems/activerecord-5.0.7.2/lib/active_record/railtie.rb:113)
Processing by StaticPagesController#index as HTML
  Rendering static_pages/index.html.erb within layouts/application
  Rendered shared/_main_nav.html.erb (0.4ms)
  Rendered shared/_masthead.html.erb (0.5ms)
  Rendered shared/_sections_nav.html.erb (0.4ms)
  Rendered shared/_search_modal.html.erb (0.9ms)
  Rendered shared/_main_content.html.erb (0.5ms)
  Rendered static_pages/index.html.erb within layouts/application (248.8ms)
Completed 500 Internal Server Error in 1620ms (ActiveRecord: 0.0ms)



Sass::SyntaxError - Undefined variable: "$lightest-gray".:
  app/views/layouts/application.html.erb:7:in `_app_views_layouts_application_html_erb___1735168194629624470_70151627679620'

Started POST "/__better_errors/cc4856ec9eb9561e/variables" for ::1 at 2021-04-08 11:42:39 -0400
Started GET "/" for ::1 at 2021-04-08 11:43:38 -0400
Processing by StaticPagesController#index as HTML
  Rendering static_pages/index.html.erb within layouts/application
  Rendered shared/_main_nav.html.erb (0.8ms)
  Rendered shared/_masthead.html.erb (0.5ms)
  Rendered shared/_sections_nav.html.erb (1.0ms)
  Rendered shared/_search_modal.html.erb (0.3ms)
  Rendered shared/_main_content.html.erb (2.9ms)
  Rendered static_pages/index.html.erb within layouts/application (252.5ms)
Completed 200 OK in 2944ms (Views: 2932.0ms | ActiveRecord: 0.0ms)


Started GET "/assets/jquery.self-bd7ddd393353a8d2480a622e80342adf488fb6006d667e8b42e4c0073393abee.js?body=1" for ::1 at 2021-04-08 11:43:41 -0400
Started GET "/assets/components/sidebar.self-2a1277f850a6fa21e1a974ef5152f177ac05516477d5081d593bb137b3d6808b.js?body=1" for ::1 at 2021-04-08 11:43:41 -0400
Started GET "/assets/jquery_ujs.self-784a997f6726036b1993eb2217c9cb558e1cbb801c6da88105588c56f13b466a.js?body=1" for ::1 at 2021-04-08 11:43:41 -0400
Started GET "/assets/application.self-645467f2d43d4eee98bac24704246e57641c2c485db768570deb9b5baa6098c9.css?body=1" for ::1 at 2021-04-08 11:43:41 -0400
Started GET "/assets/components/modal.self-52188644dbb47def5ee35ae02e69eb567ca9b664472357a8a5789dd39032a265.js?body=1" for ::1 at 2021-04-08 11:43:41 -0400
Started GET "/assets/application.self-f571b9db02bf4ed04c38a6a29072ac382f7d4f47db1fab9817aeadb0d8665235.js?body=1" for ::1 at 2021-04-08 11:43:41 -0400
Started GET "/assets/application.self-645467f2d43d4eee98bac24704246e57641c2c485db768570deb9b5baa6098c9.css?body=1&livereload=1617896632314" for ::1 at 2021-04-08 11:43:52 -0400
Started GET "/assets/application.self-645467f2d43d4eee98bac24704246e57641c2c485db768570deb9b5baa6098c9.css?body=1&livereload=1617896632312" for ::1 at 2021-04-08 11:43:52 -0400
Started GET "/assets/application.self-645467f2d43d4eee98bac24704246e57641c2c485db768570deb9b5baa6098c9.css?body=1&livereload=1617896635488" for ::1 at 2021-04-08 11:43:55 -0400
Started GET "/assets/application.self-645467f2d43d4eee98bac24704246e57641c2c485db768570deb9b5baa6098c9.css?body=1&livereload=1617896635490" for ::1 at 2021-04-08 11:43:55 -0400
Started GET "/assets/application.self-645467f2d43d4eee98bac24704246e57641c2c485db768570deb9b5baa6098c9.css?body=1&livereload=1617896655457" for ::1 at 2021-04-08 11:44:15 -0400
Started GET "/assets/application.self-645467f2d43d4eee98bac24704246e57641c2c485db768570deb9b5baa6098c9.css?body=1&livereload=1617896655459" for ::1 at 2021-04-08 11:44:15 -0400
Started GET "/assets/application.self-645467f2d43d4eee98bac24704246e57641c2c485db768570deb9b5baa6098c9.css?body=1&livereload=1617896685851" for ::1 at 2021-04-08 11:44:45 -0400
Started GET "/assets/application.self-645467f2d43d4eee98bac24704246e57641c2c485db768570deb9b5baa6098c9.css?body=1&livereload=1617896685852" for ::1 at 2021-04-08 11:44:45 -0400
Started GET "/" for ::1 at 2021-04-08 11:44:49 -0400
Processing by StaticPagesController#index as HTML
  Rendering static_pages/index.html.erb within layouts/application
  Rendered shared/_main_nav.html.erb (0.8ms)
  Rendered shared/_masthead.html.erb (0.6ms)
  Rendered shared/_sections_nav.html.erb (0.4ms)
  Rendered shared/_search_modal.html.erb (1.0ms)
  Rendered shared/_main_content.html.erb (0.3ms)
  Rendered static_pages/index.html.erb within layouts/application (45.7ms)
Completed 500 Internal Server Error in 263ms (ActiveRecord: 0.0ms)



Sass::SyntaxError - Undefined variable: "$lightest-gray".:
  app/views/layouts/application.html.erb:7:in `_app_views_layouts_application_html_erb___1735168194629624470_70151624839700'

Started POST "/__better_errors/d8ab1b5d050e394d/variables" for ::1 at 2021-04-08 11:44:49 -0400
Started GET "/" for ::1 at 2021-04-08 11:50:01 -0400
Processing by StaticPagesController#index as HTML
  Rendering static_pages/index.html.erb within layouts/application
  Rendered shared/_main_nav.html.erb (31.2ms)
  Rendered shared/_masthead.html.erb (1.1ms)
  Rendered shared/_sections_nav.html.erb (0.4ms)
  Rendered shared/_search_modal.html.erb (0.8ms)
  Rendered shared/_main_content.html.erb (0.7ms)
  Rendered static_pages/index.html.erb within layouts/application (216.2ms)
Completed 500 Internal Server Error in 318ms (ActiveRecord: 0.0ms)



Sass::SyntaxError - Invalid CSS after "  background": expected "}", was ": $lightest-gray;":
  app/views/layouts/application.html.erb:7:in `_app_views_layouts_application_html_erb___1735168194629624470_70151636537500'

Started POST "/__better_errors/db1c25fa03279148/variables" for ::1 at 2021-04-08 11:50:02 -0400
Started GET "/" for ::1 at 2021-04-08 11:50:33 -0400
Processing by StaticPagesController#index as HTML
  Rendering static_pages/index.html.erb within layouts/application
  Rendered shared/_main_nav.html.erb (0.7ms)
  Rendered shared/_masthead.html.erb (0.4ms)
  Rendered shared/_sections_nav.html.erb (0.8ms)
  Rendered shared/_search_modal.html.erb (0.5ms)
  Rendered shared/_main_content.html.erb (0.8ms)
  Rendered static_pages/index.html.erb within layouts/application (183.4ms)
Completed 200 OK in 779ms (Views: 765.2ms | ActiveRecord: 0.0ms)


Started GET "/assets/application.self-4f0a1006f9703fbd33ee71d018edc46632a111bf6b730c78a6f9aee0100f571e.css?body=1" for ::1 at 2021-04-08 11:50:34 -0400
Started GET "/assets/application.self-4f0a1006f9703fbd33ee71d018edc46632a111bf6b730c78a6f9aee0100f571e.css?body=1&livereload=1617897043326" for ::1 at 2021-04-08 11:50:43 -0400
Started GET "/assets/application.self-4f0a1006f9703fbd33ee71d018edc46632a111bf6b730c78a6f9aee0100f571e.css?body=1&livereload=1617897043334" for ::1 at 2021-04-08 11:50:43 -0400
Started GET "/assets/application.self-4f0a1006f9703fbd33ee71d018edc46632a111bf6b730c78a6f9aee0100f571e.css?body=1&livereload=1617897044082" for ::1 at 2021-04-08 11:50:44 -0400
Started GET "/assets/application.self-4f0a1006f9703fbd33ee71d018edc46632a111bf6b730c78a6f9aee0100f571e.css?body=1&livereload=1617897044084" for ::1 at 2021-04-08 11:50:44 -0400
Started GET "/assets/application.self-4f0a1006f9703fbd33ee71d018edc46632a111bf6b730c78a6f9aee0100f571e.css?body=1&livereload=1617897100655" for ::1 at 2021-04-08 11:51:40 -0400
Started GET "/assets/application.self-4f0a1006f9703fbd33ee71d018edc46632a111bf6b730c78a6f9aee0100f571e.css?body=1&livereload=1617897100657" for ::1 at 2021-04-08 11:51:40 -0400
Started GET "/assets/application.self-4f0a1006f9703fbd33ee71d018edc46632a111bf6b730c78a6f9aee0100f571e.css?body=1&livereload=1617897103868" for ::1 at 2021-04-08 11:51:43 -0400
Started GET "/assets/application.self-4f0a1006f9703fbd33ee71d018edc46632a111bf6b730c78a6f9aee0100f571e.css?body=1&livereload=1617897103869" for ::1 at 2021-04-08 11:51:43 -0400
Started GET "/assets/application.self-4f0a1006f9703fbd33ee71d018edc46632a111bf6b730c78a6f9aee0100f571e.css?body=1&livereload=1617897122760" for ::1 at 2021-04-08 11:52:02 -0400
Started GET "/assets/application.self-4f0a1006f9703fbd33ee71d018edc46632a111bf6b730c78a6f9aee0100f571e.css?body=1&livereload=1617897122758" for ::1 at 2021-04-08 11:52:02 -0400
Started GET "/" for ::1 at 2021-04-08 11:57:08 -0400
Processing by StaticPagesController#index as HTML
  Rendering static_pages/index.html.erb within layouts/application
  Rendered shared/_main_nav.html.erb (0.9ms)
  Rendered shared/_masthead.html.erb (0.4ms)
  Rendered shared/_sections_nav.html.erb (1.5ms)
  Rendered shared/_search_modal.html.erb (0.9ms)
  Rendered shared/_main_content.html.erb (0.4ms)
  Rendered static_pages/index.html.erb within layouts/application (250.9ms)
Completed 200 OK in 392ms (Views: 374.3ms | ActiveRecord: 0.0ms)


Started GET "/assets/application.self-4c9a0d0117e0e2d6f253eb1fdcc8420d222d9fffbc2cd673ee49fd1f178fa611.css?body=1" for ::1 at 2021-04-08 11:57:09 -0400
Started GET "/" for ::1 at 2021-04-08 11:57:12 -0400
Processing by StaticPagesController#index as HTML
  Rendering static_pages/index.html.erb within layouts/application
  Rendered shared/_main_nav.html.erb (0.5ms)
  Rendered shared/_masthead.html.erb (0.9ms)
  Rendered shared/_sections_nav.html.erb (0.5ms)
  Rendered shared/_search_modal.html.erb (0.5ms)
  Rendered shared/_main_content.html.erb (0.4ms)
  Rendered static_pages/index.html.erb within layouts/application (95.7ms)
Completed 200 OK in 276ms (Views: 271.1ms | ActiveRecord: 0.0ms)


Started GET "/" for ::1 at 2021-04-08 11:57:20 -0400
Processing by StaticPagesController#index as HTML
  Rendering static_pages/index.html.erb within layouts/application
  Rendered shared/_main_nav.html.erb (0.4ms)
  Rendered shared/_masthead.html.erb (5.8ms)
  Rendered shared/_sections_nav.html.erb (5.9ms)
  Rendered shared/_search_modal.html.erb (2.4ms)
  Rendered shared/_main_content.html.erb (0.4ms)
  Rendered static_pages/index.html.erb within layouts/application (213.4ms)
Completed 200 OK in 421ms (Views: 417.0ms | ActiveRecord: 0.0ms)


Started GET "/" for ::1 at 2021-04-08 11:57:21 -0400
Processing by StaticPagesController#index as HTML
  Rendering static_pages/index.html.erb within layouts/application
  Rendered shared/_main_nav.html.erb (0.4ms)
  Rendered shared/_masthead.html.erb (0.5ms)
  Rendered shared/_sections_nav.html.erb (0.4ms)
  Rendered shared/_search_modal.html.erb (0.7ms)
  Rendered shared/_main_content.html.erb (0.5ms)
  Rendered static_pages/index.html.erb within layouts/application (38.9ms)
Completed 200 OK in 280ms (Views: 271.6ms | ActiveRecord: 0.0ms)


Started GET "/" for ::1 at 2021-04-08 11:57:42 -0400
Processing by StaticPagesController#index as HTML
  Rendering static_pages/index.html.erb within layouts/application
  Rendered shared/_main_nav.html.erb (0.8ms)
  Rendered shared/_masthead.html.erb (0.5ms)
  Rendered shared/_sections_nav.html.erb (0.6ms)
  Rendered shared/_search_modal.html.erb (0.3ms)
  Rendered shared/_main_content.html.erb (0.4ms)
  Rendered static_pages/index.html.erb within layouts/application (36.3ms)
Completed 200 OK in 294ms (Views: 289.3ms | ActiveRecord: 0.0ms)


Started GET "/" for ::1 at 2021-04-08 11:57:46 -0400
Processing by StaticPagesController#index as HTML
  Rendering static_pages/index.html.erb within layouts/application
  Rendered shared/_main_nav.html.erb (1.6ms)
  Rendered shared/_masthead.html.erb (8.5ms)
  Rendered shared/_sections_nav.html.erb (0.5ms)
  Rendered shared/_search_modal.html.erb (0.4ms)
  Rendered shared/_main_content.html.erb (0.4ms)
  Rendered static_pages/index.html.erb within layouts/application (208.1ms)
Completed 200 OK in 414ms (Views: 397.9ms | ActiveRecord: 0.0ms)


Started GET "/" for ::1 at 2021-04-08 11:57:49 -0400
Processing by StaticPagesController#index as HTML
  Rendering static_pages/index.html.erb within layouts/application
  Rendered shared/_main_nav.html.erb (0.8ms)
  Rendered shared/_masthead.html.erb (2.2ms)
  Rendered shared/_sections_nav.html.erb (0.2ms)
  Rendered shared/_search_modal.html.erb (0.7ms)
  Rendered shared/_main_content.html.erb (0.4ms)
  Rendered static_pages/index.html.erb within layouts/application (80.9ms)
Completed 200 OK in 292ms (Views: 281.0ms | ActiveRecord: 0.0ms)


Started GET "/" for ::1 at 2021-04-08 11:57:59 -0400
Processing by StaticPagesController#index as HTML
  Rendering static_pages/index.html.erb within layouts/application
  Rendered shared/_main_nav.html.erb (1.6ms)
  Rendered shared/_masthead.html.erb (0.7ms)
  Rendered shared/_sections_nav.html.erb (0.4ms)
  Rendered shared/_search_modal.html.erb (1.8ms)
  Rendered shared/_main_content.html.erb (0.3ms)
  Rendered static_pages/index.html.erb within layouts/application (240.4ms)
Completed 200 OK in 435ms (Views: 420.1ms | ActiveRecord: 0.0ms)


Started GET "/" for ::1 at 2021-04-08 11:58:06 -0400
Processing by StaticPagesController#index as HTML
  Rendering static_pages/index.html.erb within layouts/application
  Rendered shared/_main_nav.html.erb (0.5ms)
  Rendered shared/_masthead.html.erb (0.7ms)
  Rendered shared/_sections_nav.html.erb (3.9ms)
  Rendered shared/_search_modal.html.erb (0.4ms)
  Rendered shared/_main_content.html.erb (0.4ms)
  Rendered static_pages/index.html.erb within layouts/application (97.8ms)
Completed 200 OK in 415ms (Views: 405.6ms | ActiveRecord: 0.0ms)


Started GET "/" for ::1 at 2021-04-08 11:58:12 -0400
Processing by StaticPagesController#index as HTML
  Rendering static_pages/index.html.erb within layouts/application
  Rendered shared/_main_nav.html.erb (0.3ms)
  Rendered shared/_masthead.html.erb (0.4ms)
  Rendered shared/_sections_nav.html.erb (0.7ms)
  Rendered shared/_search_modal.html.erb (0.4ms)
  Rendered shared/_main_content.html.erb (0.2ms)
  Rendered static_pages/index.html.erb within layouts/application (130.9ms)
Completed 200 OK in 344ms (Views: 329.6ms | ActiveRecord: 0.0ms)


Started GET "/" for ::1 at 2021-04-08 11:58:16 -0400
Processing by StaticPagesController#index as HTML
  Rendering static_pages/index.html.erb within layouts/application
  Rendered shared/_main_nav.html.erb (0.3ms)
  Rendered shared/_masthead.html.erb (0.2ms)
  Rendered shared/_sections_nav.html.erb (0.5ms)
  Rendered shared/_search_modal.html.erb (0.4ms)
  Rendered shared/_main_content.html.erb (0.6ms)
  Rendered static_pages/index.html.erb within layouts/application (28.8ms)
Completed 200 OK in 297ms (Views: 291.3ms | ActiveRecord: 0.0ms)


Started GET "/" for ::1 at 2021-04-08 11:58:19 -0400
Processing by StaticPagesController#index as HTML
  Rendering static_pages/index.html.erb within layouts/application
  Rendered shared/_main_nav.html.erb (28.5ms)
  Rendered shared/_masthead.html.erb (0.4ms)
  Rendered shared/_sections_nav.html.erb (1.5ms)
  Rendered shared/_search_modal.html.erb (0.4ms)
  Rendered shared/_main_content.html.erb (0.3ms)
  Rendered static_pages/index.html.erb within layouts/application (90.6ms)
Completed 200 OK in 167ms (Views: 155.4ms | ActiveRecord: 0.0ms)


Started GET "/" for ::1 at 2021-04-08 11:58:40 -0400
Processing by StaticPagesController#index as HTML
  Rendering static_pages/index.html.erb within layouts/application
  Rendered shared/_main_nav.html.erb (0.4ms)
  Rendered shared/_masthead.html.erb (0.3ms)
  Rendered shared/_sections_nav.html.erb (0.4ms)
  Rendered shared/_search_modal.html.erb (1.0ms)
  Rendered shared/_main_content.html.erb (0.4ms)
  Rendered static_pages/index.html.erb within layouts/application (158.4ms)
Completed 200 OK in 317ms (Views: 297.4ms | ActiveRecord: 0.0ms)


Started GET "/" for ::1 at 2021-04-08 11:58:44 -0400
Processing by StaticPagesController#index as HTML
  Rendering static_pages/index.html.erb within layouts/application
  Rendered shared/_main_nav.html.erb (0.5ms)
  Rendered shared/_masthead.html.erb (0.3ms)
  Rendered shared/_sections_nav.html.erb (1.0ms)
  Rendered shared/_search_modal.html.erb (0.5ms)
  Rendered shared/_main_content.html.erb (0.4ms)
  Rendered static_pages/index.html.erb within layouts/application (59.8ms)
Completed 200 OK in 380ms (Views: 268.2ms | ActiveRecord: 0.0ms)


Started GET "/" for ::1 at 2021-04-08 11:58:44 -0400
Processing by StaticPagesController#index as HTML
  Rendering static_pages/index.html.erb within layouts/application
  Rendered shared/_main_nav.html.erb (0.4ms)
  Rendered shared/_masthead.html.erb (0.3ms)
  Rendered shared/_sections_nav.html.erb (0.4ms)
  Rendered shared/_search_modal.html.erb (0.4ms)
  Rendered shared/_main_content.html.erb (0.3ms)
  Rendered static_pages/index.html.erb within layouts/application (40.6ms)
Completed 200 OK in 394ms (Views: 382.1ms | ActiveRecord: 0.0ms)


Started GET "/" for ::1 at 2021-04-08 12:01:56 -0400
Processing by StaticPagesController#index as HTML
  Rendering static_pages/index.html.erb within layouts/application
  Rendered shared/_main_nav.html.erb (0.9ms)
  Rendered shared/_masthead.html.erb (0.4ms)
  Rendered shared/_sections_nav.html.erb (0.3ms)
  Rendered shared/_search_modal.html.erb (0.8ms)
  Rendered shared/_main_content.html.erb (1.0ms)
  Rendered static_pages/index.html.erb within layouts/application (77.9ms)
Completed 200 OK in 472ms (Views: 459.3ms | ActiveRecord: 0.0ms)


Started GET "/" for ::1 at 2021-04-08 12:02:10 -0400
Processing by StaticPagesController#index as HTML
  Rendering static_pages/index.html.erb within layouts/application
  Rendered shared/_main_nav.html.erb (0.3ms)
  Rendered shared/_masthead.html.erb (0.9ms)
  Rendered shared/_sections_nav.html.erb (0.5ms)
  Rendered shared/_search_modal.html.erb (0.4ms)
  Rendered shared/_main_content.html.erb (0.8ms)
  Rendered static_pages/index.html.erb within layouts/application (149.1ms)
Completed 200 OK in 251ms (Views: 244.5ms | ActiveRecord: 0.0ms)


Started GET "/" for ::1 at 2021-04-08 12:02:11 -0400
Started GET "/" for ::1 at 2021-04-08 12:02:11 -0400
Processing by StaticPagesController#index as HTML
Processing by StaticPagesController#index as HTML
  Rendering static_pages/index.html.erb within layouts/application
  Rendered shared/_main_nav.html.erb (0.4ms)
  Rendering static_pages/index.html.erb within layouts/application
  Rendered shared/_masthead.html.erb (0.3ms)
  Rendered shared/_main_nav.html.erb (0.1ms)
  Rendered shared/_masthead.html.erb (0.0ms)
  Rendered shared/_sections_nav.html.erb (0.7ms)
  Rendered shared/_search_modal.html.erb (0.3ms)
  Rendered shared/_sections_nav.html.erb (0.2ms)
  Rendered shared/_main_content.html.erb (0.4ms)
  Rendered static_pages/index.html.erb within layouts/application (311.4ms)
  Rendered shared/_search_modal.html.erb (0.1ms)
  Rendered shared/_main_content.html.erb (0.1ms)
  Rendered static_pages/index.html.erb within layouts/application (320.5ms)
Completed 200 OK in 552ms (Views: 535.6ms | ActiveRecord: 0.0ms)


Completed 200 OK in 694ms (Views: 684.7ms | ActiveRecord: 0.0ms)


Started GET "/" for ::1 at 2021-04-08 12:02:13 -0400
Processing by StaticPagesController#index as HTML
  Rendering static_pages/index.html.erb within layouts/application
  Rendered shared/_main_nav.html.erb (0.5ms)
  Rendered shared/_masthead.html.erb (0.9ms)
  Rendered shared/_sections_nav.html.erb (0.7ms)
  Rendered shared/_search_modal.html.erb (2.2ms)
  Rendered shared/_main_content.html.erb (0.7ms)
  Rendered static_pages/index.html.erb within layouts/application (89.9ms)
Completed 200 OK in 355ms (Views: 349.9ms | ActiveRecord: 0.0ms)


Started GET "/" for ::1 at 2021-04-08 12:02:36 -0400
Processing by StaticPagesController#index as HTML
  Rendering static_pages/index.html.erb within layouts/application
  Rendered shared/_main_nav.html.erb (0.5ms)
  Rendered shared/_masthead.html.erb (0.4ms)
  Rendered shared/_sections_nav.html.erb (0.4ms)
  Rendered shared/_search_modal.html.erb (0.4ms)
  Rendered shared/_main_content.html.erb (0.3ms)
  Rendered static_pages/index.html.erb within layouts/application (24.3ms)
Completed 200 OK in 82ms (Views: 78.8ms | ActiveRecord: 0.0ms)


Started GET "/" for ::1 at 2021-04-08 12:02:38 -0400
Processing by StaticPagesController#index as HTML
  Rendering static_pages/index.html.erb within layouts/application
  Rendered shared/_main_nav.html.erb (0.4ms)
  Rendered shared/_masthead.html.erb (0.3ms)
  Rendered shared/_sections_nav.html.erb (0.2ms)
  Rendered shared/_search_modal.html.erb (0.3ms)
  Rendered shared/_main_content.html.erb (0.6ms)
  Rendered static_pages/index.html.erb within layouts/application (24.4ms)
Completed 200 OK in 501ms (Views: 495.4ms | ActiveRecord: 0.0ms)


Started GET "/" for ::1 at 2021-04-08 12:02:42 -0400
Processing by StaticPagesController#index as HTML
  Rendering static_pages/index.html.erb within layouts/application
  Rendered shared/_main_nav.html.erb (0.5ms)
  Rendered shared/_masthead.html.erb (0.5ms)
  Rendered shared/_sections_nav.html.erb (0.7ms)
  Rendered shared/_search_modal.html.erb (0.4ms)
  Rendered shared/_main_content.html.erb (0.3ms)
  Rendered static_pages/index.html.erb within layouts/application (59.9ms)
Completed 200 OK in 312ms (Views: 306.6ms | ActiveRecord: 0.0ms)


Started GET "/" for ::1 at 2021-04-08 12:03:08 -0400
Processing by StaticPagesController#index as HTML
  Rendering static_pages/index.html.erb within layouts/application
  Rendered shared/_main_nav.html.erb (0.4ms)
  Rendered shared/_masthead.html.erb (0.6ms)
  Rendered shared/_sections_nav.html.erb (0.5ms)
  Rendered shared/_search_modal.html.erb (0.4ms)
  Rendered shared/_main_content.html.erb (0.4ms)
  Rendered static_pages/index.html.erb within layouts/application (77.3ms)
Completed 200 OK in 513ms (Views: 483.4ms | ActiveRecord: 0.0ms)


Started GET "/" for ::1 at 2021-04-08 12:03:12 -0400
Processing by StaticPagesController#index as HTML
  Rendering static_pages/index.html.erb within layouts/application
  Rendered shared/_main_nav.html.erb (0.7ms)
  Rendered shared/_masthead.html.erb (0.3ms)
  Rendered shared/_sections_nav.html.erb (0.4ms)
  Rendered shared/_search_modal.html.erb (0.5ms)
  Rendered shared/_main_content.html.erb (0.7ms)
  Rendered static_pages/index.html.erb within layouts/application (215.3ms)
Completed 200 OK in 435ms (Views: 426.2ms | ActiveRecord: 0.0ms)


Started GET "/" for ::1 at 2021-04-08 12:03:31 -0400
Processing by StaticPagesController#index as HTML
  Rendering static_pages/index.html.erb within layouts/application
  Rendered shared/_main_nav.html.erb (0.9ms)
  Rendered shared/_masthead.html.erb (0.5ms)
  Rendered shared/_sections_nav.html.erb (0.4ms)
  Rendered shared/_search_modal.html.erb (0.6ms)
  Rendered shared/_main_content.html.erb (0.5ms)
  Rendered static_pages/index.html.erb within layouts/application (28.9ms)
Completed 200 OK in 81ms (Views: 75.7ms | ActiveRecord: 0.0ms)


Started GET "/" for ::1 at 2021-04-08 12:03:34 -0400
Processing by StaticPagesController#index as HTML
  Rendering static_pages/index.html.erb within layouts/application
  Rendered shared/_main_nav.html.erb (0.5ms)
  Rendered shared/_masthead.html.erb (0.3ms)
  Rendered shared/_sections_nav.html.erb (0.4ms)
  Rendered shared/_search_modal.html.erb (0.5ms)
  Rendered shared/_main_content.html.erb (0.5ms)
  Rendered static_pages/index.html.erb within layouts/application (231.4ms)
Completed 200 OK in 339ms (Views: 327.4ms | ActiveRecord: 0.0ms)


Started GET "/" for ::1 at 2021-04-08 12:03:39 -0400
Processing by StaticPagesController#index as HTML
  Rendering static_pages/index.html.erb within layouts/application
  Rendered shared/_main_nav.html.erb (0.6ms)
  Rendered shared/_masthead.html.erb (0.6ms)
  Rendered shared/_sections_nav.html.erb (4.2ms)
  Rendered shared/_search_modal.html.erb (0.4ms)
  Rendered shared/_main_content.html.erb (0.4ms)
  Rendered static_pages/index.html.erb within layouts/application (339.2ms)
Completed 200 OK in 422ms (Views: 414.7ms | ActiveRecord: 0.0ms)


Started GET "/" for ::1 at 2021-04-08 12:04:04 -0400
Processing by StaticPagesController#index as HTML
  Rendering static_pages/index.html.erb within layouts/application
  Rendered shared/_main_nav.html.erb (0.5ms)
  Rendered shared/_masthead.html.erb (0.5ms)
  Rendered shared/_sections_nav.html.erb (0.5ms)
  Rendered shared/_search_modal.html.erb (0.7ms)
  Rendered shared/_main_content.html.erb (2.8ms)
  Rendered static_pages/index.html.erb within layouts/application (295.5ms)
Completed 200 OK in 520ms (Views: 517.5ms | ActiveRecord: 0.0ms)


Started GET "/" for ::1 at 2021-04-08 12:04:06 -0400
Processing by StaticPagesController#index as HTML
  Rendering static_pages/index.html.erb within layouts/application
  Rendered shared/_main_nav.html.erb (0.4ms)
  Rendered shared/_masthead.html.erb (0.4ms)
  Rendered shared/_sections_nav.html.erb (0.4ms)
  Rendered shared/_search_modal.html.erb (1.0ms)
  Rendered shared/_main_content.html.erb (0.6ms)
  Rendered static_pages/index.html.erb within layouts/application (38.4ms)
Completed 200 OK in 267ms (Views: 250.4ms | ActiveRecord: 0.0ms)


Started GET "/" for ::1 at 2021-04-08 12:04:10 -0400
Processing by StaticPagesController#index as HTML
  Rendering static_pages/index.html.erb within layouts/application
  Rendered shared/_main_nav.html.erb (0.9ms)
  Rendered shared/_masthead.html.erb (0.4ms)
  Rendered shared/_sections_nav.html.erb (1.3ms)
  Rendered shared/_search_modal.html.erb (0.5ms)
  Rendered shared/_main_content.html.erb (0.6ms)
  Rendered static_pages/index.html.erb within layouts/application (213.6ms)
Completed 200 OK in 358ms (Views: 349.3ms | ActiveRecord: 0.0ms)


Started GET "/" for ::1 at 2021-04-08 12:04:11 -0400
Processing by StaticPagesController#index as HTML
  Rendering static_pages/index.html.erb within layouts/application
  Rendered shared/_main_nav.html.erb (0.4ms)
  Rendered shared/_masthead.html.erb (0.7ms)
  Rendered shared/_sections_nav.html.erb (0.3ms)
  Rendered shared/_search_modal.html.erb (0.7ms)
  Rendered shared/_main_content.html.erb (0.5ms)
  Rendered static_pages/index.html.erb within layouts/application (78.2ms)
Completed 200 OK in 382ms (Views: 377.9ms | ActiveRecord: 0.0ms)


Started GET "/" for ::1 at 2021-04-08 12:04:15 -0400
Processing by StaticPagesController#index as HTML
  Rendering static_pages/index.html.erb within layouts/application
  Rendered shared/_main_nav.html.erb (0.3ms)
  Rendered shared/_masthead.html.erb (0.3ms)
  Rendered shared/_sections_nav.html.erb (0.4ms)
  Rendered shared/_search_modal.html.erb (0.3ms)
  Rendered shared/_main_content.html.erb (0.3ms)
  Rendered static_pages/index.html.erb within layouts/application (20.8ms)
Completed 200 OK in 297ms (Views: 291.0ms | ActiveRecord: 0.0ms)


Started GET "/" for ::1 at 2021-04-08 12:04:18 -0400
Processing by StaticPagesController#index as HTML
  Rendering static_pages/index.html.erb within layouts/application
  Rendered shared/_main_nav.html.erb (0.8ms)
  Rendered shared/_masthead.html.erb (0.3ms)
  Rendered shared/_sections_nav.html.erb (0.4ms)
  Rendered shared/_search_modal.html.erb (0.5ms)
  Rendered shared/_main_content.html.erb (0.4ms)
  Rendered static_pages/index.html.erb within layouts/application (333.9ms)
Completed 200 OK in 399ms (Views: 393.6ms | ActiveRecord: 0.0ms)


Started GET "/" for ::1 at 2021-04-08 12:04:19 -0400
Processing by StaticPagesController#index as HTML
  Rendering static_pages/index.html.erb within layouts/application
  Rendered shared/_main_nav.html.erb (0.5ms)
  Rendered shared/_masthead.html.erb (0.4ms)
  Rendered shared/_sections_nav.html.erb (0.5ms)
  Rendered shared/_search_modal.html.erb (0.6ms)
  Rendered shared/_main_content.html.erb (0.4ms)
  Rendered static_pages/index.html.erb within layouts/application (26.2ms)
Completed 200 OK in 261ms (Views: 256.0ms | ActiveRecord: 0.0ms)


Started GET "/" for ::1 at 2021-04-08 12:04:20 -0400
Processing by StaticPagesController#index as HTML
  Rendering static_pages/index.html.erb within layouts/application
  Rendered shared/_main_nav.html.erb (1.0ms)
  Rendered shared/_masthead.html.erb (0.2ms)
  Rendered shared/_sections_nav.html.erb (0.2ms)
  Rendered shared/_search_modal.html.erb (0.4ms)
  Rendered shared/_main_content.html.erb (12.7ms)
  Rendered static_pages/index.html.erb within layouts/application (177.7ms)
Completed 200 OK in 290ms (Views: 283.5ms | ActiveRecord: 0.0ms)


Started GET "/" for ::1 at 2021-04-08 12:04:22 -0400
Processing by StaticPagesController#index as HTML
  Rendering static_pages/index.html.erb within layouts/application
  Rendered shared/_main_nav.html.erb (0.9ms)
  Rendered shared/_masthead.html.erb (0.3ms)
  Rendered shared/_sections_nav.html.erb (7.3ms)
  Rendered shared/_search_modal.html.erb (0.5ms)
  Rendered shared/_main_content.html.erb (0.7ms)
  Rendered static_pages/index.html.erb within layouts/application (41.0ms)
Completed 200 OK in 90ms (Views: 86.6ms | ActiveRecord: 0.0ms)


Started GET "/" for ::1 at 2021-04-08 12:04:49 -0400
Processing by StaticPagesController#index as HTML
  Rendering static_pages/index.html.erb within layouts/application
  Rendered shared/_main_nav.html.erb (0.3ms)
  Rendered shared/_masthead.html.erb (0.8ms)
  Rendered shared/_sections_nav.html.erb (0.5ms)
  Rendered shared/_search_modal.html.erb (0.7ms)
  Rendered shared/_main_content.html.erb (0.6ms)
  Rendered static_pages/index.html.erb within layouts/application (319.5ms)
Completed 200 OK in 601ms (Views: 589.1ms | ActiveRecord: 0.0ms)


Started GET "/" for ::1 at 2021-04-08 12:04:50 -0400
Processing by StaticPagesController#index as HTML
  Rendering static_pages/index.html.erb within layouts/application
  Rendered shared/_main_nav.html.erb (0.6ms)
  Rendered shared/_masthead.html.erb (0.8ms)
  Rendered shared/_sections_nav.html.erb (2.9ms)
  Rendered shared/_search_modal.html.erb (0.4ms)
  Rendered shared/_main_content.html.erb (0.6ms)
  Rendered static_pages/index.html.erb within layouts/application (60.9ms)
Completed 200 OK in 250ms (Views: 247.4ms | ActiveRecord: 0.0ms)


Started GET "/" for ::1 at 2021-04-08 12:04:52 -0400
Processing by StaticPagesController#index as HTML
  Rendering static_pages/index.html.erb within layouts/application
  Rendered shared/_main_nav.html.erb (0.5ms)
  Rendered shared/_masthead.html.erb (3.3ms)
  Rendered shared/_sections_nav.html.erb (0.4ms)
  Rendered shared/_search_modal.html.erb (0.6ms)
  Rendered shared/_main_content.html.erb (0.3ms)
  Rendered static_pages/index.html.erb within layouts/application (58.3ms)
Completed 200 OK in 134ms (Views: 129.6ms | ActiveRecord: 0.0ms)


Started GET "/" for ::1 at 2021-04-08 12:04:55 -0400
Processing by StaticPagesController#index as HTML
  Rendering static_pages/index.html.erb within layouts/application
  Rendered shared/_main_nav.html.erb (0.3ms)
  Rendered shared/_masthead.html.erb (0.3ms)
  Rendered shared/_sections_nav.html.erb (3.5ms)
  Rendered shared/_search_modal.html.erb (0.8ms)
  Rendered shared/_main_content.html.erb (259.7ms)
  Rendered static_pages/index.html.erb within layouts/application (312.9ms)
Completed 200 OK in 412ms (Views: 401.0ms | ActiveRecord: 0.0ms)


Started GET "/" for ::1 at 2021-04-08 12:05:03 -0400
Processing by StaticPagesController#index as HTML
  Rendering static_pages/index.html.erb within layouts/application
  Rendered shared/_main_nav.html.erb (0.7ms)
  Rendered shared/_masthead.html.erb (0.4ms)
  Rendered shared/_sections_nav.html.erb (0.7ms)
  Rendered shared/_search_modal.html.erb (1.4ms)
  Rendered shared/_main_content.html.erb (0.5ms)
  Rendered static_pages/index.html.erb within layouts/application (116.6ms)
Completed 200 OK in 209ms (Views: 202.4ms | ActiveRecord: 0.0ms)


Started GET "/" for ::1 at 2021-04-08 12:05:09 -0400
Processing by StaticPagesController#index as HTML
  Rendering static_pages/index.html.erb within layouts/application
  Rendered shared/_main_nav.html.erb (0.4ms)
  Rendered shared/_masthead.html.erb (0.4ms)
  Rendered shared/_sections_nav.html.erb (0.7ms)
  Rendered shared/_search_modal.html.erb (8.5ms)
  Rendered shared/_main_content.html.erb (0.5ms)
  Rendered static_pages/index.html.erb within layouts/application (98.2ms)
Completed 200 OK in 204ms (Views: 198.7ms | ActiveRecord: 0.0ms)


Started GET "/" for ::1 at 2021-04-08 12:05:14 -0400
Processing by StaticPagesController#index as HTML
  Rendering static_pages/index.html.erb within layouts/application
  Rendered shared/_main_nav.html.erb (0.4ms)
  Rendered shared/_masthead.html.erb (0.5ms)
  Rendered shared/_sections_nav.html.erb (0.3ms)
  Rendered shared/_search_modal.html.erb (0.4ms)
  Rendered shared/_main_content.html.erb (2.5ms)
  Rendered static_pages/index.html.erb within layouts/application (128.4ms)
Completed 200 OK in 366ms (Views: 352.4ms | ActiveRecord: 0.0ms)


Started GET "/" for ::1 at 2021-04-08 12:05:17 -0400
Processing by StaticPagesController#index as HTML
  Rendering static_pages/index.html.erb within layouts/application
  Rendered shared/_main_nav.html.erb (1.1ms)
  Rendered shared/_masthead.html.erb (0.5ms)
  Rendered shared/_sections_nav.html.erb (0.2ms)
  Rendered shared/_search_modal.html.erb (0.3ms)
  Rendered shared/_main_content.html.erb (0.6ms)
  Rendered static_pages/index.html.erb within layouts/application (39.3ms)
Completed 200 OK in 324ms (Views: 316.7ms | ActiveRecord: 0.0ms)


Started GET "/" for ::1 at 2021-04-08 12:05:20 -0400
Processing by StaticPagesController#index as HTML
  Rendering static_pages/index.html.erb within layouts/application
  Rendered shared/_main_nav.html.erb (0.5ms)
  Rendered shared/_masthead.html.erb (3.7ms)
  Rendered shared/_sections_nav.html.erb (1.3ms)
  Rendered shared/_search_modal.html.erb (1.4ms)
  Rendered shared/_main_content.html.erb (1.8ms)
  Rendered static_pages/index.html.erb within layouts/application (139.6ms)
Completed 200 OK in 290ms (Views: 275.5ms | ActiveRecord: 0.0ms)


Started GET "/" for ::1 at 2021-04-08 12:05:21 -0400
Processing by StaticPagesController#index as HTML
  Rendering static_pages/index.html.erb within layouts/application
  Rendered shared/_main_nav.html.erb (0.4ms)
  Rendered shared/_masthead.html.erb (12.9ms)
  Rendered shared/_sections_nav.html.erb (0.3ms)
  Rendered shared/_search_modal.html.erb (0.4ms)
  Rendered shared/_main_content.html.erb (3.5ms)
  Rendered static_pages/index.html.erb within layouts/application (137.0ms)
Completed 200 OK in 265ms (Views: 261.2ms | ActiveRecord: 0.0ms)


Started GET "/" for ::1 at 2021-04-08 12:05:22 -0400
Processing by StaticPagesController#index as HTML
  Rendering static_pages/index.html.erb within layouts/application
  Rendered shared/_main_nav.html.erb (0.5ms)
  Rendered shared/_masthead.html.erb (4.3ms)
  Rendered shared/_sections_nav.html.erb (0.8ms)
  Rendered shared/_search_modal.html.erb (1.3ms)
  Rendered shared/_main_content.html.erb (0.4ms)
  Rendered static_pages/index.html.erb within layouts/application (62.0ms)
Completed 200 OK in 249ms (Views: 245.0ms | ActiveRecord: 0.0ms)


Started GET "/" for ::1 at 2021-04-08 12:05:23 -0400
Processing by StaticPagesController#index as HTML
  Rendering static_pages/index.html.erb within layouts/application
  Rendered shared/_main_nav.html.erb (0.4ms)
  Rendered shared/_masthead.html.erb (0.8ms)
Started GET "/" for ::1 at 2021-04-08 12:05:23 -0400
Processing by StaticPagesController#index as HTML
  Rendered shared/_sections_nav.html.erb (0.3ms)
  Rendering static_pages/index.html.erb within layouts/application
  Rendered shared/_search_modal.html.erb (0.4ms)
  Rendered shared/_main_nav.html.erb (0.3ms)
  Rendered shared/_masthead.html.erb (0.5ms)
  Rendered shared/_sections_nav.html.erb (0.6ms)
  Rendered shared/_search_modal.html.erb (2.6ms)
  Rendered shared/_main_content.html.erb (0.3ms)
  Rendered static_pages/index.html.erb within layouts/application (29.8ms)
  Rendered shared/_main_content.html.erb (0.4ms)
  Rendered static_pages/index.html.erb within layouts/application (313.2ms)
Completed 200 OK in 519ms (Views: 513.2ms | ActiveRecord: 0.0ms)


Completed 200 OK in 333ms (Views: 322.4ms | ActiveRecord: 0.0ms)


Started GET "/" for ::1 at 2021-04-08 12:05:25 -0400
Processing by StaticPagesController#index as HTML
  Rendering static_pages/index.html.erb within layouts/application
  Rendered shared/_main_nav.html.erb (0.5ms)
  Rendered shared/_masthead.html.erb (0.3ms)
  Rendered shared/_sections_nav.html.erb (0.3ms)
  Rendered shared/_search_modal.html.erb (0.5ms)
  Rendered shared/_main_content.html.erb (0.5ms)
  Rendered static_pages/index.html.erb within layouts/application (19.9ms)
Completed 200 OK in 228ms (Views: 222.9ms | ActiveRecord: 0.0ms)


Started GET "/" for ::1 at 2021-04-08 12:05:35 -0400
Processing by StaticPagesController#index as HTML
  Rendering static_pages/index.html.erb within layouts/application
  Rendered shared/_main_nav.html.erb (0.3ms)
  Rendered shared/_masthead.html.erb (0.4ms)
  Rendered shared/_sections_nav.html.erb (0.4ms)
  Rendered shared/_search_modal.html.erb (1.3ms)
  Rendered shared/_main_content.html.erb (0.4ms)
  Rendered static_pages/index.html.erb within layouts/application (182.5ms)
Completed 200 OK in 519ms (Views: 516.4ms | ActiveRecord: 0.0ms)


Started GET "/" for ::1 at 2021-04-08 12:05:38 -0400
Processing by StaticPagesController#index as HTML
  Rendering static_pages/index.html.erb within layouts/application
  Rendered shared/_main_nav.html.erb (0.5ms)
  Rendered shared/_masthead.html.erb (0.3ms)
  Rendered shared/_sections_nav.html.erb (0.3ms)
  Rendered shared/_search_modal.html.erb (0.4ms)
  Rendered shared/_main_content.html.erb (0.6ms)
  Rendered static_pages/index.html.erb within layouts/application (42.2ms)
Completed 200 OK in 107ms (Views: 99.5ms | ActiveRecord: 0.0ms)


Started GET "/" for ::1 at 2021-04-08 12:05:39 -0400
Processing by StaticPagesController#index as HTML
  Rendering static_pages/index.html.erb within layouts/application
  Rendered shared/_main_nav.html.erb (0.3ms)
  Rendered shared/_masthead.html.erb (0.7ms)
  Rendered shared/_sections_nav.html.erb (6.0ms)
  Rendered shared/_search_modal.html.erb (20.8ms)
  Rendered shared/_main_content.html.erb (0.4ms)
  Rendered static_pages/index.html.erb within layouts/application (120.7ms)
Completed 200 OK in 340ms (Views: 332.5ms | ActiveRecord: 0.0ms)


Started GET "/" for ::1 at 2021-04-08 12:05:42 -0400
Processing by StaticPagesController#index as HTML
  Rendering static_pages/index.html.erb within layouts/application
  Rendered shared/_main_nav.html.erb (0.4ms)
  Rendered shared/_masthead.html.erb (0.4ms)
  Rendered shared/_sections_nav.html.erb (0.4ms)
  Rendered shared/_search_modal.html.erb (0.4ms)
  Rendered shared/_main_content.html.erb (0.4ms)
  Rendered static_pages/index.html.erb within layouts/application (185.1ms)
Completed 200 OK in 429ms (Views: 408.3ms | ActiveRecord: 0.0ms)


Started GET "/" for ::1 at 2021-04-08 12:05:45 -0400
Processing by StaticPagesController#index as HTML
  Rendering static_pages/index.html.erb within layouts/application
  Rendered shared/_main_nav.html.erb (0.5ms)
  Rendered shared/_masthead.html.erb (2.8ms)
  Rendered shared/_sections_nav.html.erb (0.4ms)
  Rendered shared/_search_modal.html.erb (0.5ms)
  Rendered shared/_main_content.html.erb (0.4ms)
  Rendered static_pages/index.html.erb within layouts/application (401.9ms)
Completed 200 OK in 577ms (Views: 565.5ms | ActiveRecord: 0.0ms)


Started GET "/" for ::1 at 2021-04-08 12:05:47 -0400
Processing by StaticPagesController#index as HTML
  Rendering static_pages/index.html.erb within layouts/application
  Rendered shared/_main_nav.html.erb (0.7ms)
  Rendered shared/_masthead.html.erb (0.4ms)
  Rendered shared/_sections_nav.html.erb (0.3ms)
  Rendered shared/_search_modal.html.erb (0.5ms)
  Rendered shared/_main_content.html.erb (0.5ms)
  Rendered static_pages/index.html.erb within layouts/application (236.8ms)
Completed 200 OK in 494ms (Views: 482.3ms | ActiveRecord: 0.0ms)


Started GET "/" for ::1 at 2021-04-08 12:05:50 -0400
Processing by StaticPagesController#index as HTML
  Rendering static_pages/index.html.erb within layouts/application
  Rendered shared/_main_nav.html.erb (0.5ms)
  Rendered shared/_masthead.html.erb (0.4ms)
  Rendered shared/_sections_nav.html.erb (0.6ms)
  Rendered shared/_search_modal.html.erb (0.4ms)
  Rendered shared/_main_content.html.erb (0.5ms)
  Rendered static_pages/index.html.erb within layouts/application (74.0ms)
Completed 200 OK in 317ms (Views: 312.0ms | ActiveRecord: 0.0ms)


Started GET "/" for ::1 at 2021-04-08 12:05:58 -0400
Processing by StaticPagesController#index as HTML
  Rendering static_pages/index.html.erb within layouts/application
  Rendered shared/_main_nav.html.erb (1.0ms)
  Rendered shared/_masthead.html.erb (0.4ms)
  Rendered shared/_sections_nav.html.erb (3.0ms)
  Rendered shared/_search_modal.html.erb (25.9ms)
  Rendered shared/_main_content.html.erb (0.9ms)
  Rendered static_pages/index.html.erb within layouts/application (249.6ms)
Completed 200 OK in 335ms (Views: 332.5ms | ActiveRecord: 0.0ms)


Started GET "/" for ::1 at 2021-04-08 12:06:01 -0400
Processing by StaticPagesController#index as HTML
  Rendering static_pages/index.html.erb within layouts/application
  Rendered shared/_main_nav.html.erb (0.9ms)
  Rendered shared/_masthead.html.erb (0.9ms)
  Rendered shared/_sections_nav.html.erb (0.3ms)
  Rendered shared/_search_modal.html.erb (0.4ms)
  Rendered shared/_main_content.html.erb (0.5ms)
  Rendered static_pages/index.html.erb within layouts/application (160.7ms)
Completed 200 OK in 297ms (Views: 288.0ms | ActiveRecord: 0.0ms)


Started GET "/" for ::1 at 2021-04-08 12:06:03 -0400
Processing by StaticPagesController#index as HTML
  Rendering static_pages/index.html.erb within layouts/application
  Rendered shared/_main_nav.html.erb (0.5ms)
  Rendered shared/_masthead.html.erb (0.5ms)
  Rendered shared/_sections_nav.html.erb (1.1ms)
  Rendered shared/_search_modal.html.erb (0.4ms)
  Rendered shared/_main_content.html.erb (0.4ms)
  Rendered static_pages/index.html.erb within layouts/application (225.5ms)
Completed 200 OK in 497ms (Views: 458.7ms | ActiveRecord: 0.0ms)


Started GET "/" for ::1 at 2021-04-08 12:06:04 -0400
Processing by StaticPagesController#index as HTML
  Rendering static_pages/index.html.erb within layouts/application
  Rendered shared/_main_nav.html.erb (0.5ms)
  Rendered shared/_masthead.html.erb (0.5ms)
  Rendered shared/_sections_nav.html.erb (0.4ms)
  Rendered shared/_search_modal.html.erb (2.0ms)
  Rendered shared/_main_content.html.erb (0.3ms)
  Rendered static_pages/index.html.erb within layouts/application (85.3ms)
Completed 200 OK in 270ms (Views: 263.7ms | ActiveRecord: 0.0ms)


Started GET "/" for ::1 at 2021-04-08 12:06:05 -0400
Processing by StaticPagesController#index as HTML
  Rendering static_pages/index.html.erb within layouts/application
  Rendered shared/_main_nav.html.erb (0.3ms)
  Rendered shared/_masthead.html.erb (0.4ms)
  Rendered shared/_sections_nav.html.erb (3.6ms)
  Rendered shared/_search_modal.html.erb (0.6ms)
  Rendered shared/_main_content.html.erb (1.3ms)
  Rendered static_pages/index.html.erb within layouts/application (120.9ms)
Completed 200 OK in 223ms (Views: 217.6ms | ActiveRecord: 0.0ms)


Started GET "/" for ::1 at 2021-04-08 12:06:07 -0400
Processing by StaticPagesController#index as HTML
  Rendering static_pages/index.html.erb within layouts/application
  Rendered shared/_main_nav.html.erb (0.5ms)
  Rendered shared/_masthead.html.erb (0.3ms)
  Rendered shared/_sections_nav.html.erb (0.5ms)
  Rendered shared/_search_modal.html.erb (0.4ms)
  Rendered shared/_main_content.html.erb (0.4ms)
  Rendered static_pages/index.html.erb within layouts/application (38.4ms)
Completed 200 OK in 256ms (Views: 248.0ms | ActiveRecord: 0.0ms)


Started GET "/" for ::1 at 2021-04-08 12:06:18 -0400
Processing by StaticPagesController#index as HTML
  Rendering static_pages/index.html.erb within layouts/application
  Rendered shared/_main_nav.html.erb (0.4ms)
  Rendered shared/_masthead.html.erb (0.3ms)
  Rendered shared/_sections_nav.html.erb (0.5ms)
  Rendered shared/_search_modal.html.erb (1.1ms)
  Rendered shared/_main_content.html.erb (0.4ms)
  Rendered static_pages/index.html.erb within layouts/application (45.1ms)
Completed 200 OK in 273ms (Views: 261.1ms | ActiveRecord: 0.0ms)


Started GET "/" for ::1 at 2021-04-08 12:06:40 -0400
Processing by StaticPagesController#index as HTML
  Rendering static_pages/index.html.erb within layouts/application
  Rendered shared/_main_nav.html.erb (0.3ms)
  Rendered shared/_masthead.html.erb (1.0ms)
  Rendered shared/_sections_nav.html.erb (0.2ms)
  Rendered shared/_search_modal.html.erb (0.4ms)
  Rendered shared/_main_content.html.erb (0.5ms)
  Rendered static_pages/index.html.erb within layouts/application (26.8ms)
Completed 200 OK in 379ms (Views: 373.7ms | ActiveRecord: 0.0ms)


Started GET "/" for ::1 at 2021-04-08 12:06:43 -0400
Processing by StaticPagesController#index as HTML
  Rendering static_pages/index.html.erb within layouts/application
  Rendered shared/_main_nav.html.erb (1.5ms)
  Rendered shared/_masthead.html.erb (0.4ms)
  Rendered shared/_sections_nav.html.erb (0.5ms)
  Rendered shared/_search_modal.html.erb (0.3ms)
  Rendered shared/_main_content.html.erb (0.7ms)
  Rendered static_pages/index.html.erb within layouts/application (28.9ms)
Completed 200 OK in 86ms (Views: 76.4ms | ActiveRecord: 0.0ms)


Started GET "/" for ::1 at 2021-04-08 12:06:45 -0400
Processing by StaticPagesController#index as HTML
  Rendering static_pages/index.html.erb within layouts/application
  Rendered shared/_main_nav.html.erb (1.1ms)
  Rendered shared/_masthead.html.erb (0.6ms)
  Rendered shared/_sections_nav.html.erb (0.9ms)
  Rendered shared/_search_modal.html.erb (0.3ms)
  Rendered shared/_main_content.html.erb (1.4ms)
  Rendered static_pages/index.html.erb within layouts/application (251.4ms)
Completed 200 OK in 629ms (Views: 603.3ms | ActiveRecord: 0.0ms)


Started GET "/" for ::1 at 2021-04-08 12:07:41 -0400
Processing by StaticPagesController#index as HTML
  Rendering static_pages/index.html.erb within layouts/application
  Rendered shared/_main_nav.html.erb (0.5ms)
  Rendered shared/_masthead.html.erb (0.3ms)
  Rendered shared/_sections_nav.html.erb (0.7ms)
  Rendered shared/_search_modal.html.erb (0.5ms)
  Rendered shared/_main_content.html.erb (0.5ms)
  Rendered static_pages/index.html.erb within layouts/application (24.8ms)
Completed 200 OK in 408ms (Views: 398.4ms | ActiveRecord: 0.0ms)


Started GET "/" for ::1 at 2021-04-08 12:07:42 -0400
Processing by StaticPagesController#index as HTML
  Rendering static_pages/index.html.erb within layouts/application
  Rendered shared/_main_nav.html.erb (0.6ms)
  Rendered shared/_masthead.html.erb (0.4ms)
  Rendered shared/_sections_nav.html.erb (0.6ms)
  Rendered shared/_search_modal.html.erb (3.0ms)
  Rendered shared/_main_content.html.erb (0.7ms)
  Rendered static_pages/index.html.erb within layouts/application (86.1ms)
Completed 200 OK in 434ms (Views: 430.2ms | ActiveRecord: 0.0ms)


Started GET "/" for ::1 at 2021-04-08 12:07:46 -0400
Processing by StaticPagesController#index as HTML
  Rendering static_pages/index.html.erb within layouts/application
  Rendered shared/_main_nav.html.erb (1.0ms)
  Rendered shared/_masthead.html.erb (0.9ms)
  Rendered shared/_sections_nav.html.erb (1.5ms)
  Rendered shared/_search_modal.html.erb (0.7ms)
  Rendered shared/_main_content.html.erb (0.4ms)
  Rendered static_pages/index.html.erb within layouts/application (201.6ms)
Completed 200 OK in 317ms (Views: 312.4ms | ActiveRecord: 0.0ms)


Started GET "/" for ::1 at 2021-04-08 12:09:15 -0400
Processing by StaticPagesController#index as HTML
  Rendering static_pages/index.html.erb within layouts/application
  Rendered shared/_main_nav.html.erb (0.6ms)
  Rendered shared/_masthead.html.erb (0.5ms)
  Rendered shared/_sections_nav.html.erb (0.3ms)
  Rendered shared/_search_modal.html.erb (0.3ms)
  Rendered shared/_main_content.html.erb (1.1ms)
  Rendered static_pages/index.html.erb within layouts/application (39.8ms)
Completed 200 OK in 117ms (Views: 110.6ms | ActiveRecord: 0.0ms)


Started GET "/" for ::1 at 2021-04-08 12:09:20 -0400
Processing by StaticPagesController#index as HTML
  Rendering static_pages/index.html.erb within layouts/application
  Rendered shared/_main_nav.html.erb (0.3ms)
  Rendered shared/_masthead.html.erb (0.5ms)
  Rendered shared/_sections_nav.html.erb (0.3ms)
  Rendered shared/_search_modal.html.erb (0.4ms)
  Rendered shared/_main_content.html.erb (0.4ms)
  Rendered static_pages/index.html.erb within layouts/application (28.4ms)
Completed 200 OK in 470ms (Views: 465.9ms | ActiveRecord: 0.0ms)


Started GET "/" for ::1 at 2021-04-08 12:10:03 -0400
Processing by StaticPagesController#index as HTML
  Rendering static_pages/index.html.erb within layouts/application
  Rendered shared/_main_nav.html.erb (0.6ms)
  Rendered shared/_masthead.html.erb (1.8ms)
  Rendered shared/_sections_nav.html.erb (0.4ms)
  Rendered shared/_search_modal.html.erb (0.4ms)
  Rendered shared/_main_content.html.erb (0.4ms)
  Rendered static_pages/index.html.erb within layouts/application (41.7ms)
Completed 200 OK in 116ms (Views: 111.0ms | ActiveRecord: 0.0ms)


Started GET "/" for ::1 at 2021-04-08 12:10:06 -0400
Processing by StaticPagesController#index as HTML
  Rendering static_pages/index.html.erb within layouts/application
  Rendered shared/_main_nav.html.erb (0.5ms)
  Rendered shared/_masthead.html.erb (1.7ms)
  Rendered shared/_sections_nav.html.erb (0.5ms)
  Rendered shared/_search_modal.html.erb (0.4ms)
  Rendered shared/_main_content.html.erb (0.3ms)
  Rendered static_pages/index.html.erb within layouts/application (104.2ms)
Completed 200 OK in 1626ms (Views: 1518.3ms | ActiveRecord: 0.0ms)


Started GET "/" for ::1 at 2021-04-08 12:11:44 -0400
Processing by StaticPagesController#index as HTML
  Rendering static_pages/index.html.erb within layouts/application
  Rendered shared/_main_nav.html.erb (0.5ms)
  Rendered shared/_masthead.html.erb (0.8ms)
  Rendered shared/_sections_nav.html.erb (5.4ms)
  Rendered shared/_search_modal.html.erb (0.7ms)
  Rendered shared/_main_content.html.erb (0.5ms)
  Rendered static_pages/index.html.erb within layouts/application (76.4ms)
Completed 200 OK in 434ms (Views: 430.3ms | ActiveRecord: 0.0ms)


Started GET "/" for ::1 at 2021-04-08 12:11:50 -0400
Processing by StaticPagesController#index as HTML
  Rendering static_pages/index.html.erb within layouts/application
  Rendered shared/_main_nav.html.erb (0.5ms)
  Rendered shared/_masthead.html.erb (0.8ms)
  Rendered shared/_sections_nav.html.erb (0.6ms)
  Rendered shared/_search_modal.html.erb (0.4ms)
  Rendered shared/_main_content.html.erb (0.4ms)
  Rendered static_pages/index.html.erb within layouts/application (29.1ms)
Completed 200 OK in 90ms (Views: 85.8ms | ActiveRecord: 0.0ms)


Started GET "/" for ::1 at 2021-04-08 12:11:54 -0400
Processing by StaticPagesController#index as HTML
  Rendering static_pages/index.html.erb within layouts/application
  Rendered shared/_main_nav.html.erb (1.1ms)
  Rendered shared/_masthead.html.erb (0.3ms)
  Rendered shared/_sections_nav.html.erb (0.3ms)
  Rendered shared/_search_modal.html.erb (0.4ms)
  Rendered shared/_main_content.html.erb (0.6ms)
  Rendered static_pages/index.html.erb within layouts/application (55.3ms)
Completed 200 OK in 752ms (Views: 746.6ms | ActiveRecord: 0.0ms)


Started GET "/" for ::1 at 2021-04-08 12:11:59 -0400
Processing by StaticPagesController#index as HTML
  Rendering static_pages/index.html.erb within layouts/application
  Rendered shared/_main_nav.html.erb (0.4ms)
  Rendered shared/_masthead.html.erb (0.3ms)
  Rendered shared/_sections_nav.html.erb (0.3ms)
  Rendered shared/_search_modal.html.erb (0.9ms)
  Rendered shared/_main_content.html.erb (0.3ms)
  Rendered static_pages/index.html.erb within layouts/application (26.5ms)
Completed 200 OK in 358ms (Views: 353.5ms | ActiveRecord: 0.0ms)


Started GET "/" for ::1 at 2021-04-08 12:12:03 -0400
Processing by StaticPagesController#index as HTML
  Rendering static_pages/index.html.erb within layouts/application
  Rendered shared/_main_nav.html.erb (0.7ms)
  Rendered shared/_masthead.html.erb (0.4ms)
  Rendered shared/_sections_nav.html.erb (0.5ms)
  Rendered shared/_search_modal.html.erb (0.7ms)
  Rendered shared/_main_content.html.erb (2.1ms)
  Rendered static_pages/index.html.erb within layouts/application (184.7ms)
Completed 200 OK in 543ms (Views: 537.3ms | ActiveRecord: 0.0ms)


Started GET "/" for ::1 at 2021-04-08 12:12:07 -0400
Processing by StaticPagesController#index as HTML
  Rendering static_pages/index.html.erb within layouts/application
  Rendered shared/_main_nav.html.erb (1.0ms)
  Rendered shared/_masthead.html.erb (0.7ms)
  Rendered shared/_sections_nav.html.erb (0.3ms)
  Rendered shared/_search_modal.html.erb (0.6ms)
  Rendered shared/_main_content.html.erb (1.5ms)
  Rendered static_pages/index.html.erb within layouts/application (73.3ms)
Completed 200 OK in 393ms (Views: 388.1ms | ActiveRecord: 0.0ms)


Started GET "/" for ::1 at 2021-04-08 12:12:18 -0400
Processing by StaticPagesController#index as HTML
  Rendering static_pages/index.html.erb within layouts/application
  Rendered shared/_main_nav.html.erb (0.5ms)
  Rendered shared/_masthead.html.erb (0.5ms)
  Rendered shared/_sections_nav.html.erb (0.3ms)
  Rendered shared/_search_modal.html.erb (0.4ms)
  Rendered shared/_main_content.html.erb (1.1ms)
  Rendered static_pages/index.html.erb within layouts/application (58.7ms)
Completed 200 OK in 384ms (Views: 374.4ms | ActiveRecord: 0.0ms)


Started GET "/" for ::1 at 2021-04-08 12:12:20 -0400
Processing by StaticPagesController#index as HTML
  Rendering static_pages/index.html.erb within layouts/application
  Rendered shared/_main_nav.html.erb (0.7ms)
  Rendered shared/_masthead.html.erb (0.7ms)
  Rendered shared/_sections_nav.html.erb (0.4ms)
  Rendered shared/_search_modal.html.erb (0.6ms)
  Rendered shared/_main_content.html.erb (0.5ms)
  Rendered static_pages/index.html.erb within layouts/application (30.2ms)
Completed 200 OK in 430ms (Views: 422.4ms | ActiveRecord: 0.0ms)


Started GET "/" for ::1 at 2021-04-08 12:12:26 -0400
Processing by StaticPagesController#index as HTML
  Rendering static_pages/index.html.erb within layouts/application
  Rendered shared/_main_nav.html.erb (5.8ms)
  Rendered shared/_masthead.html.erb (0.4ms)
  Rendered shared/_sections_nav.html.erb (0.4ms)
  Rendered shared/_search_modal.html.erb (1.3ms)
  Rendered shared/_main_content.html.erb (0.2ms)
  Rendered static_pages/index.html.erb within layouts/application (86.4ms)
Completed 200 OK in 189ms (Views: 184.6ms | ActiveRecord: 0.0ms)


Started GET "/" for ::1 at 2021-04-08 12:13:10 -0400
Processing by StaticPagesController#index as HTML
  Rendering static_pages/index.html.erb within layouts/application
  Rendered shared/_main_nav.html.erb (0.6ms)
  Rendered shared/_masthead.html.erb (0.4ms)
  Rendered shared/_sections_nav.html.erb (0.6ms)
  Rendered shared/_search_modal.html.erb (0.5ms)
  Rendered shared/_main_content.html.erb (0.3ms)
  Rendered static_pages/index.html.erb within layouts/application (29.2ms)
Completed 200 OK in 204ms (Views: 184.7ms | ActiveRecord: 0.0ms)


Started GET "/" for ::1 at 2021-04-08 12:13:12 -0400
Processing by StaticPagesController#index as HTML
  Rendering static_pages/index.html.erb within layouts/application
  Rendered shared/_main_nav.html.erb (0.6ms)
  Rendered shared/_masthead.html.erb (2.3ms)
  Rendered shared/_sections_nav.html.erb (0.4ms)
  Rendered shared/_search_modal.html.erb (0.5ms)
  Rendered shared/_main_content.html.erb (0.4ms)
  Rendered static_pages/index.html.erb within layouts/application (218.4ms)
Completed 200 OK in 295ms (Views: 286.6ms | ActiveRecord: 0.0ms)


Started GET "/" for ::1 at 2021-04-08 12:13:13 -0400
Processing by StaticPagesController#index as HTML
  Rendering static_pages/index.html.erb within layouts/application
  Rendered shared/_main_nav.html.erb (0.7ms)
  Rendered shared/_masthead.html.erb (0.4ms)
  Rendered shared/_sections_nav.html.erb (0.5ms)
  Rendered shared/_search_modal.html.erb (0.4ms)
  Rendered shared/_main_content.html.erb (0.3ms)
  Rendered static_pages/index.html.erb within layouts/application (53.1ms)
Completed 200 OK in 180ms (Views: 175.2ms | ActiveRecord: 0.0ms)


Started GET "/" for ::1 at 2021-04-08 12:13:40 -0400
Processing by StaticPagesController#index as HTML
  Rendering static_pages/index.html.erb within layouts/application
  Rendered shared/_main_nav.html.erb (0.8ms)
  Rendered shared/_masthead.html.erb (1.3ms)
  Rendered shared/_sections_nav.html.erb (0.5ms)
  Rendered shared/_search_modal.html.erb (0.3ms)
  Rendered shared/_main_content.html.erb (0.3ms)
  Rendered static_pages/index.html.erb within layouts/application (80.6ms)
Completed 200 OK in 154ms (Views: 148.3ms | ActiveRecord: 0.0ms)


Started GET "/" for ::1 at 2021-04-08 12:13:48 -0400
Processing by StaticPagesController#index as HTML
  Rendering static_pages/index.html.erb within layouts/application
  Rendered shared/_main_nav.html.erb (0.6ms)
  Rendered shared/_masthead.html.erb (0.4ms)
  Rendered shared/_sections_nav.html.erb (0.3ms)
  Rendered shared/_search_modal.html.erb (0.3ms)
  Rendered shared/_main_content.html.erb (0.5ms)
  Rendered static_pages/index.html.erb within layouts/application (211.1ms)
Completed 200 OK in 458ms (Views: 451.6ms | ActiveRecord: 0.0ms)


Started GET "/" for ::1 at 2021-04-08 12:13:50 -0400
Processing by StaticPagesController#index as HTML
  Rendering static_pages/index.html.erb within layouts/application
  Rendered shared/_main_nav.html.erb (0.3ms)
  Rendered shared/_masthead.html.erb (0.4ms)
  Rendered shared/_sections_nav.html.erb (1.1ms)
  Rendered shared/_search_modal.html.erb (0.5ms)
  Rendered shared/_main_content.html.erb (0.6ms)
  Rendered static_pages/index.html.erb within layouts/application (54.5ms)
Completed 200 OK in 372ms (Views: 366.1ms | ActiveRecord: 0.0ms)


Started GET "/" for ::1 at 2021-04-08 12:13:51 -0400
Processing by StaticPagesController#index as HTML
  Rendering static_pages/index.html.erb within layouts/application
  Rendered shared/_main_nav.html.erb (0.3ms)
  Rendered shared/_masthead.html.erb (1.3ms)
  Rendered shared/_sections_nav.html.erb (1.1ms)
  Rendered shared/_search_modal.html.erb (0.6ms)
  Rendered shared/_main_content.html.erb (0.5ms)
  Rendered static_pages/index.html.erb within layouts/application (148.5ms)
Completed 200 OK in 318ms (Views: 314.0ms | ActiveRecord: 0.0ms)


Started GET "/" for ::1 at 2021-04-08 12:14:18 -0400
Processing by StaticPagesController#index as HTML
  Rendering static_pages/index.html.erb within layouts/application
  Rendered shared/_main_nav.html.erb (0.7ms)
  Rendered shared/_masthead.html.erb (0.3ms)
  Rendered shared/_sections_nav.html.erb (0.5ms)
  Rendered shared/_search_modal.html.erb (0.8ms)
  Rendered shared/_main_content.html.erb (0.6ms)
  Rendered static_pages/index.html.erb within layouts/application (36.2ms)
Completed 200 OK in 185ms (Views: 177.0ms | ActiveRecord: 0.0ms)


Started GET "/" for ::1 at 2021-04-08 12:14:41 -0400
Processing by StaticPagesController#index as HTML
  Rendering static_pages/index.html.erb within layouts/application
  Rendered shared/_main_nav.html.erb (0.6ms)
  Rendered shared/_masthead.html.erb (2.3ms)
  Rendered shared/_sections_nav.html.erb (0.3ms)
  Rendered shared/_search_modal.html.erb (0.4ms)
  Rendered shared/_main_content.html.erb (3.5ms)
  Rendered static_pages/index.html.erb within layouts/application (217.3ms)
Completed 200 OK in 321ms (Views: 304.8ms | ActiveRecord: 0.0ms)


Started GET "/" for ::1 at 2021-04-08 12:14:48 -0400
Processing by StaticPagesController#index as HTML
  Rendering static_pages/index.html.erb within layouts/application
  Rendered shared/_main_nav.html.erb (0.9ms)
  Rendered shared/_masthead.html.erb (0.4ms)
  Rendered shared/_sections_nav.html.erb (0.5ms)
  Rendered shared/_search_modal.html.erb (1.6ms)
  Rendered shared/_main_content.html.erb (0.3ms)
  Rendered static_pages/index.html.erb within layouts/application (51.2ms)
Completed 200 OK in 144ms (Views: 137.8ms | ActiveRecord: 0.0ms)


Started GET "/" for ::1 at 2021-04-08 12:14:53 -0400
Processing by StaticPagesController#index as HTML
  Rendering static_pages/index.html.erb within layouts/application
  Rendered shared/_main_nav.html.erb (0.7ms)
  Rendered shared/_masthead.html.erb (0.4ms)
  Rendered shared/_sections_nav.html.erb (0.5ms)
  Rendered shared/_search_modal.html.erb (0.5ms)
  Rendered shared/_main_content.html.erb (0.3ms)
  Rendered static_pages/index.html.erb within layouts/application (54.4ms)
Completed 200 OK in 258ms (Views: 253.9ms | ActiveRecord: 0.0ms)


Started GET "/" for ::1 at 2021-04-08 12:14:56 -0400
Processing by StaticPagesController#index as HTML
  Rendering static_pages/index.html.erb within layouts/application
  Rendered shared/_main_nav.html.erb (0.3ms)
  Rendered shared/_masthead.html.erb (0.5ms)
  Rendered shared/_sections_nav.html.erb (0.3ms)
  Rendered shared/_search_modal.html.erb (0.5ms)
  Rendered shared/_main_content.html.erb (0.3ms)
  Rendered static_pages/index.html.erb within layouts/application (28.2ms)
Completed 200 OK in 353ms (Views: 349.9ms | ActiveRecord: 0.0ms)


